<?xml version="1.0" encoding="UTF-8"?>
<testsuite xmlns:xsi="http://www.w3.org/2001/XMLSchema-instance" xsi:noNamespaceSchemaLocation="https://maven.apache.org/surefire/maven-surefire-plugin/xsd/surefire-test-report-3.0.xsd" version="3.0" name="com.myorg.lambda.AppTest" time="0.014" tests="1" errors="0" skipped="0" failures="0">
  <properties>
    <property name="java.specification.version" value="24"/>
    <property name="sun.jnu.encoding" value="UTF-8"/>
    <property name="java.class.path" value="/Users/ariayou/Smart-Email-Assistant/lambda/target/test-classes:/Users/ariayou/Smart-Email-Assistant/lambda/target/classes:/Users/ariayou/.m2/repository/junit/junit/3.8.1/junit-3.8.1.jar:/Users/ariayou/.m2/repository/com/amazonaws/aws-lambda-java-core/1.3.0/aws-lambda-java-core-1.3.0.jar:/Users/ariayou/.m2/repository/com/amazonaws/aws-lambda-java-events/3.16.1/aws-lambda-java-events-3.16.1.jar:/Users/ariayou/.m2/repository/joda-time/joda-time/2.10.8/joda-time-2.10.8.jar:/Users/ariayou/.m2/repository/software/amazon/awssdk/bedrockruntime/2.33.0/bedrockruntime-2.33.0.jar:/Users/ariayou/.m2/repository/software/amazon/awssdk/protocol-core/2.33.0/protocol-core-2.33.0.jar:/Users/ariayou/.m2/repository/software/amazon/awssdk/aws-json-protocol/2.33.0/aws-json-protocol-2.33.0.jar:/Users/ariayou/.m2/repository/software/amazon/awssdk/third-party-jackson-core/2.33.0/third-party-jackson-core-2.33.0.jar:/Users/ariayou/.m2/repository/software/amazon/awssdk/http-auth-aws/2.33.0/http-auth-aws-2.33.0.jar:/Users/ariayou/.m2/repository/software/amazon/awssdk/checksums-spi/2.33.0/checksums-spi-2.33.0.jar:/Users/ariayou/.m2/repository/software/amazon/awssdk/checksums/2.33.0/checksums-2.33.0.jar:/Users/ariayou/.m2/repository/software/amazon/awssdk/sdk-core/2.33.0/sdk-core-2.33.0.jar:/Users/ariayou/.m2/repository/software/amazon/awssdk/retries/2.33.0/retries-2.33.0.jar:/Users/ariayou/.m2/repository/org/reactivestreams/reactive-streams/1.0.4/reactive-streams-1.0.4.jar:/Users/ariayou/.m2/repository/software/amazon/awssdk/http-auth-spi/2.33.0/http-auth-spi-2.33.0.jar:/Users/ariayou/.m2/repository/software/amazon/awssdk/http-auth/2.33.0/http-auth-2.33.0.jar:/Users/ariayou/.m2/repository/software/amazon/awssdk/identity-spi/2.33.0/identity-spi-2.33.0.jar:/Users/ariayou/.m2/repository/software/amazon/awssdk/http-client-spi/2.33.0/http-client-spi-2.33.0.jar:/Users/ariayou/.m2/repository/software/amazon/awssdk/regions/2.33.0/regions-2.33.0.jar:/Users/ariayou/.m2/repository/software/amazon/awssdk/annotations/2.33.0/annotations-2.33.0.jar:/Users/ariayou/.m2/repository/software/amazon/awssdk/utils/2.33.0/utils-2.33.0.jar:/Users/ariayou/.m2/repository/software/amazon/awssdk/aws-core/2.33.0/aws-core-2.33.0.jar:/Users/ariayou/.m2/repository/software/amazon/awssdk/metrics-spi/2.33.0/metrics-spi-2.33.0.jar:/Users/ariayou/.m2/repository/software/amazon/awssdk/json-utils/2.33.0/json-utils-2.33.0.jar:/Users/ariayou/.m2/repository/software/amazon/awssdk/endpoints-spi/2.33.0/endpoints-spi-2.33.0.jar:/Users/ariayou/.m2/repository/software/amazon/awssdk/retries-spi/2.33.0/retries-spi-2.33.0.jar:/Users/ariayou/.m2/repository/software/amazon/awssdk/apache-client/2.33.0/apache-client-2.33.0.jar:/Users/ariayou/.m2/repository/org/apache/httpcomponents/httpclient/4.5.13/httpclient-4.5.13.jar:/Users/ariayou/.m2/repository/commons-logging/commons-logging/1.2/commons-logging-1.2.jar:/Users/ariayou/.m2/repository/org/apache/httpcomponents/httpcore/4.4.16/httpcore-4.4.16.jar:/Users/ariayou/.m2/repository/commons-codec/commons-codec/1.17.1/commons-codec-1.17.1.jar:/Users/ariayou/.m2/repository/software/amazon/awssdk/netty-nio-client/2.33.0/netty-nio-client-2.33.0.jar:/Users/ariayou/.m2/repository/io/netty/netty-codec-http/4.1.124.Final/netty-codec-http-4.1.124.Final.jar:/Users/ariayou/.m2/repository/io/netty/netty-codec-http2/4.1.124.Final/netty-codec-http2-4.1.124.Final.jar:/Users/ariayou/.m2/repository/io/netty/netty-codec/4.1.124.Final/netty-codec-4.1.124.Final.jar:/Users/ariayou/.m2/repository/io/netty/netty-transport/4.1.124.Final/netty-transport-4.1.124.Final.jar:/Users/ariayou/.m2/repository/io/netty/netty-common/4.1.124.Final/netty-common-4.1.124.Final.jar:/Users/ariayou/.m2/repository/io/netty/netty-buffer/4.1.124.Final/netty-buffer-4.1.124.Final.jar:/Users/ariayou/.m2/repository/io/netty/netty-handler/4.1.124.Final/netty-handler-4.1.124.Final.jar:/Users/ariayou/.m2/repository/io/netty/netty-transport-native-unix-common/4.1.124.Final/netty-transport-native-unix-common-4.1.124.Final.jar:/Users/ariayou/.m2/repository/io/netty/netty-transport-classes-epoll/4.1.124.Final/netty-transport-classes-epoll-4.1.124.Final.jar:/Users/ariayou/.m2/repository/io/netty/netty-resolver/4.1.124.Final/netty-resolver-4.1.124.Final.jar:/Users/ariayou/.m2/repository/software/amazon/awssdk/auth/2.33.0/auth-2.33.0.jar:/Users/ariayou/.m2/repository/software/amazon/awssdk/profiles/2.33.0/profiles-2.33.0.jar:/Users/ariayou/.m2/repository/software/amazon/awssdk/http-auth-aws-eventstream/2.33.0/http-auth-aws-eventstream-2.33.0.jar:/Users/ariayou/.m2/repository/software/amazon/eventstream/eventstream/1.0.1/eventstream-1.0.1.jar:/Users/ariayou/.m2/repository/dev/langchain4j/langchain4j-open-ai/1.4.0/langchain4j-open-ai-1.4.0.jar:/Users/ariayou/.m2/repository/dev/langchain4j/langchain4j-http-client/1.4.0/langchain4j-http-client-1.4.0.jar:/Users/ariayou/.m2/repository/dev/langchain4j/langchain4j-http-client-jdk/1.4.0/langchain4j-http-client-jdk-1.4.0.jar:/Users/ariayou/.m2/repository/com/fasterxml/jackson/core/jackson-annotations/2.19.2/jackson-annotations-2.19.2.jar:/Users/ariayou/.m2/repository/com/fasterxml/jackson/core/jackson-core/2.19.2/jackson-core-2.19.2.jar:/Users/ariayou/.m2/repository/com/fasterxml/jackson/core/jackson-databind/2.19.2/jackson-databind-2.19.2.jar:/Users/ariayou/.m2/repository/com/knuddels/jtokkit/1.1.0/jtokkit-1.1.0.jar:/Users/ariayou/.m2/repository/dev/langchain4j/langchain4j-core/1.4.0/langchain4j-core-1.4.0.jar:/Users/ariayou/.m2/repository/org/slf4j/slf4j-api/2.0.17/slf4j-api-2.0.17.jar:/Users/ariayou/.m2/repository/org/jspecify/jspecify/1.0.0/jspecify-1.0.0.jar:/Users/ariayou/.m2/repository/org/json/json/20250517/json-20250517.jar:/Users/ariayou/.m2/repository/com/google/code/gson/gson/2.13.1/gson-2.13.1.jar:/Users/ariayou/.m2/repository/com/google/errorprone/error_prone_annotations/2.38.0/error_prone_annotations-2.38.0.jar:"/>
    <property name="java.vm.vendor" value="Homebrew"/>
    <property name="sun.arch.data.model" value="64"/>
    <property name="java.vendor.url" value="https://github.com/Homebrew/homebrew-core/issues"/>
    <property name="os.name" value="Mac OS X"/>
    <property name="java.vm.specification.version" value="24"/>
    <property name="sun.java.launcher" value="SUN_STANDARD"/>
    <property name="user.country" value="US"/>
    <property name="sun.boot.library.path" value="/opt/homebrew/Cellar/openjdk/24.0.2/libexec/openjdk.jdk/Contents/Home/lib"/>
    <property name="sun.java.command" value="/Users/ariayou/Smart-Email-Assistant/lambda/target/surefire/surefirebooter-20250919114954196_3.jar /Users/ariayou/Smart-Email-Assistant/lambda/target/surefire 2025-09-19T11-49-54_155-jvmRun1 surefire-20250919114954196_1tmp surefire_0-20250919114954196_2tmp"/>
    <property name="http.nonProxyHosts" value="local|*.local|169.254/16|*.169.254/16"/>
    <property name="jdk.debug" value="release"/>
    <property name="surefire.test.class.path" value="/Users/ariayou/Smart-Email-Assistant/lambda/target/test-classes:/Users/ariayou/Smart-Email-Assistant/lambda/target/classes:/Users/ariayou/.m2/repository/junit/junit/3.8.1/junit-3.8.1.jar:/Users/ariayou/.m2/repository/com/amazonaws/aws-lambda-java-core/1.3.0/aws-lambda-java-core-1.3.0.jar:/Users/ariayou/.m2/repository/com/amazonaws/aws-lambda-java-events/3.16.1/aws-lambda-java-events-3.16.1.jar:/Users/ariayou/.m2/repository/joda-time/joda-time/2.10.8/joda-time-2.10.8.jar:/Users/ariayou/.m2/repository/software/amazon/awssdk/bedrockruntime/2.33.0/bedrockruntime-2.33.0.jar:/Users/ariayou/.m2/repository/software/amazon/awssdk/protocol-core/2.33.0/protocol-core-2.33.0.jar:/Users/ariayou/.m2/repository/software/amazon/awssdk/aws-json-protocol/2.33.0/aws-json-protocol-2.33.0.jar:/Users/ariayou/.m2/repository/software/amazon/awssdk/third-party-jackson-core/2.33.0/third-party-jackson-core-2.33.0.jar:/Users/ariayou/.m2/repository/software/amazon/awssdk/http-auth-aws/2.33.0/http-auth-aws-2.33.0.jar:/Users/ariayou/.m2/repository/software/amazon/awssdk/checksums-spi/2.33.0/checksums-spi-2.33.0.jar:/Users/ariayou/.m2/repository/software/amazon/awssdk/checksums/2.33.0/checksums-2.33.0.jar:/Users/ariayou/.m2/repository/software/amazon/awssdk/sdk-core/2.33.0/sdk-core-2.33.0.jar:/Users/ariayou/.m2/repository/software/amazon/awssdk/retries/2.33.0/retries-2.33.0.jar:/Users/ariayou/.m2/repository/org/reactivestreams/reactive-streams/1.0.4/reactive-streams-1.0.4.jar:/Users/ariayou/.m2/repository/software/amazon/awssdk/http-auth-spi/2.33.0/http-auth-spi-2.33.0.jar:/Users/ariayou/.m2/repository/software/amazon/awssdk/http-auth/2.33.0/http-auth-2.33.0.jar:/Users/ariayou/.m2/repository/software/amazon/awssdk/identity-spi/2.33.0/identity-spi-2.33.0.jar:/Users/ariayou/.m2/repository/software/amazon/awssdk/http-client-spi/2.33.0/http-client-spi-2.33.0.jar:/Users/ariayou/.m2/repository/software/amazon/awssdk/regions/2.33.0/regions-2.33.0.jar:/Users/ariayou/.m2/repository/software/amazon/awssdk/annotations/2.33.0/annotations-2.33.0.jar:/Users/ariayou/.m2/repository/software/amazon/awssdk/utils/2.33.0/utils-2.33.0.jar:/Users/ariayou/.m2/repository/software/amazon/awssdk/aws-core/2.33.0/aws-core-2.33.0.jar:/Users/ariayou/.m2/repository/software/amazon/awssdk/metrics-spi/2.33.0/metrics-spi-2.33.0.jar:/Users/ariayou/.m2/repository/software/amazon/awssdk/json-utils/2.33.0/json-utils-2.33.0.jar:/Users/ariayou/.m2/repository/software/amazon/awssdk/endpoints-spi/2.33.0/endpoints-spi-2.33.0.jar:/Users/ariayou/.m2/repository/software/amazon/awssdk/retries-spi/2.33.0/retries-spi-2.33.0.jar:/Users/ariayou/.m2/repository/software/amazon/awssdk/apache-client/2.33.0/apache-client-2.33.0.jar:/Users/ariayou/.m2/repository/org/apache/httpcomponents/httpclient/4.5.13/httpclient-4.5.13.jar:/Users/ariayou/.m2/repository/commons-logging/commons-logging/1.2/commons-logging-1.2.jar:/Users/ariayou/.m2/repository/org/apache/httpcomponents/httpcore/4.4.16/httpcore-4.4.16.jar:/Users/ariayou/.m2/repository/commons-codec/commons-codec/1.17.1/commons-codec-1.17.1.jar:/Users/ariayou/.m2/repository/software/amazon/awssdk/netty-nio-client/2.33.0/netty-nio-client-2.33.0.jar:/Users/ariayou/.m2/repository/io/netty/netty-codec-http/4.1.124.Final/netty-codec-http-4.1.124.Final.jar:/Users/ariayou/.m2/repository/io/netty/netty-codec-http2/4.1.124.Final/netty-codec-http2-4.1.124.Final.jar:/Users/ariayou/.m2/repository/io/netty/netty-codec/4.1.124.Final/netty-codec-4.1.124.Final.jar:/Users/ariayou/.m2/repository/io/netty/netty-transport/4.1.124.Final/netty-transport-4.1.124.Final.jar:/Users/ariayou/.m2/repository/io/netty/netty-common/4.1.124.Final/netty-common-4.1.124.Final.jar:/Users/ariayou/.m2/repository/io/netty/netty-buffer/4.1.124.Final/netty-buffer-4.1.124.Final.jar:/Users/ariayou/.m2/repository/io/netty/netty-handler/4.1.124.Final/netty-handler-4.1.124.Final.jar:/Users/ariayou/.m2/repository/io/netty/netty-transport-native-unix-common/4.1.124.Final/netty-transport-native-unix-common-4.1.124.Final.jar:/Users/ariayou/.m2/repository/io/netty/netty-transport-classes-epoll/4.1.124.Final/netty-transport-classes-epoll-4.1.124.Final.jar:/Users/ariayou/.m2/repository/io/netty/netty-resolver/4.1.124.Final/netty-resolver-4.1.124.Final.jar:/Users/ariayou/.m2/repository/software/amazon/awssdk/auth/2.33.0/auth-2.33.0.jar:/Users/ariayou/.m2/repository/software/amazon/awssdk/profiles/2.33.0/profiles-2.33.0.jar:/Users/ariayou/.m2/repository/software/amazon/awssdk/http-auth-aws-eventstream/2.33.0/http-auth-aws-eventstream-2.33.0.jar:/Users/ariayou/.m2/repository/software/amazon/eventstream/eventstream/1.0.1/eventstream-1.0.1.jar:/Users/ariayou/.m2/repository/dev/langchain4j/langchain4j-open-ai/1.4.0/langchain4j-open-ai-1.4.0.jar:/Users/ariayou/.m2/repository/dev/langchain4j/langchain4j-http-client/1.4.0/langchain4j-http-client-1.4.0.jar:/Users/ariayou/.m2/repository/dev/langchain4j/langchain4j-http-client-jdk/1.4.0/langchain4j-http-client-jdk-1.4.0.jar:/Users/ariayou/.m2/repository/com/fasterxml/jackson/core/jackson-annotations/2.19.2/jackson-annotations-2.19.2.jar:/Users/ariayou/.m2/repository/com/fasterxml/jackson/core/jackson-core/2.19.2/jackson-core-2.19.2.jar:/Users/ariayou/.m2/repository/com/fasterxml/jackson/core/jackson-databind/2.19.2/jackson-databind-2.19.2.jar:/Users/ariayou/.m2/repository/com/knuddels/jtokkit/1.1.0/jtokkit-1.1.0.jar:/Users/ariayou/.m2/repository/dev/langchain4j/langchain4j-core/1.4.0/langchain4j-core-1.4.0.jar:/Users/ariayou/.m2/repository/org/slf4j/slf4j-api/2.0.17/slf4j-api-2.0.17.jar:/Users/ariayou/.m2/repository/org/jspecify/jspecify/1.0.0/jspecify-1.0.0.jar:/Users/ariayou/.m2/repository/org/json/json/20250517/json-20250517.jar:/Users/ariayou/.m2/repository/com/google/code/gson/gson/2.13.1/gson-2.13.1.jar:/Users/ariayou/.m2/repository/com/google/errorprone/error_prone_annotations/2.38.0/error_prone_annotations-2.38.0.jar:"/>
    <property name="sun.cpu.endian" value="little"/>
    <property name="user.home" value="/Users/ariayou"/>
    <property name="user.language" value="en"/>
    <property name="java.specification.vendor" value="Oracle Corporation"/>
    <property name="java.version.date" value="2025-07-15"/>
    <property name="java.home" value="/opt/homebrew/Cellar/openjdk/24.0.2/libexec/openjdk.jdk/Contents/Home"/>
    <property name="file.separator" value="/"/>
    <property name="basedir" value="/Users/ariayou/Smart-Email-Assistant/lambda"/>
    <property name="java.vm.compressedOopsMode" value="Zero based"/>
    <property name="line.separator" value="&#10;"/>
    <property name="java.vm.specification.vendor" value="Oracle Corporation"/>
    <property name="java.specification.name" value="Java Platform API Specification"/>
    <property name="apple.awt.application.name" value="ForkedBooter"/>
    <property name="surefire.real.class.path" value="/Users/ariayou/Smart-Email-Assistant/lambda/target/surefire/surefirebooter-20250919114954196_3.jar"/>
    <property name="sun.management.compiler" value="HotSpot 64-Bit Tiered Compilers"/>
    <property name="ftp.nonProxyHosts" value="local|*.local|169.254/16|*.169.254/16"/>
    <property name="java.runtime.version" value="24.0.2"/>
    <property name="user.name" value="ariayou"/>
    <property name="stdout.encoding" value="UTF-8"/>
    <property name="path.separator" value=":"/>
    <property name="os.version" value="14.5"/>
    <property name="java.runtime.name" value="OpenJDK Runtime Environment"/>
    <property name="file.encoding" value="UTF-8"/>
    <property name="java.vm.name" value="OpenJDK 64-Bit Server VM"/>
    <property name="java.vendor.version" value="Homebrew"/>
    <property name="localRepository" value="/Users/ariayou/.m2/repository"/>
    <property name="java.vendor.url.bug" value="https://github.com/Homebrew/homebrew-core/issues"/>
    <property name="java.io.tmpdir" value="/var/folders/22/8mrzm9z156lf2yn8cq917qgh0000gn/T/"/>
    <property name="java.version" value="24.0.2"/>
    <property name="user.dir" value="/Users/ariayou/Smart-Email-Assistant/lambda"/>
    <property name="os.arch" value="aarch64"/>
    <property name="java.vm.specification.name" value="Java Virtual Machine Specification"/>
    <property name="native.encoding" value="UTF-8"/>
    <property name="java.library.path" value="/Users/ariayou/Library/Java/Extensions:/Library/Java/Extensions:/Network/Library/Java/Extensions:/System/Library/Java/Extensions:/usr/lib/java:."/>
    <property name="java.vm.info" value="mixed mode, sharing"/>
    <property name="stderr.encoding" value="UTF-8"/>
    <property name="java.vendor" value="Homebrew"/>
    <property name="java.vm.version" value="24.0.2"/>
    <property name="sun.io.unicode.encoding" value="UnicodeBig"/>
    <property name="socksNonProxyHosts" value="local|*.local|169.254/16|*.169.254/16"/>
    <property name="java.class.version" value="68.0"/>
  </properties>
  <testcase name="testApp" classname="com.myorg.lambda.AppTest" time="0.001"/>
</testsuite>